[backblue.gif]
[fade.gif]
[index.html]
[maxcdn.bootstrapcdn.com/font-awesome/4.7.0/css/font-awesome.min.css]
[cdnjs.cloudflare.com/ajax/libs/twitter-bootstrap/4.1.3/css/bootstrap.min.css]
[cdnjs.cloudflare.com/ajax/libs/mdbootstrap/4.5.8/css/mdb.min.css]
[www.getweddie.com/v2/img/template_couple_falling_hearts.png]
[www.getweddie.com/v2/img/pair-groom.png]
[www.getweddie.com/v2/img/pair-bride.png]
[www.getweddie.com/v2/img/story_first_meet_icon.png]
[www.getweddie.com/v2/img/story_pre_wedding.png]
[www.getweddie.com/v2/img/gallery_bride_template_fireworks.png]
[www.getweddie.com/v2/img/gallery_bride_groom_template_fireworks.png]
[cdnjs.cloudflare.com/ajax/libs/jquery/3.3.1/jquery.min.js]
[cdnjs.cloudflare.com/ajax/libs/popper.js/1.14.4/popper.min.js]
[cdnjs.cloudflare.com/ajax/libs/twitter-bootstrap/4.1.3/js/bootstrap.min.js]
[cdnjs.cloudflare.com/ajax/libs/mdbootstrap/4.5.8/js/mdb.min.js]
[www.getweddie.com/sample/falling-hearts.html]
[www.getweddie.com/v2/img/apple-touch-icon.html]
[maxcdn.bootstrapcdn.com/font-awesome/4.7.0/css/font-awesome.min.css]
[cdnjs.cloudflare.com/ajax/libs/twitter-bootstrap/4.1.3/css/bootstrap.min.css]
[cdnjs.cloudflare.com/ajax/libs/mdbootstrap/4.5.8/img/overlays/01.png]
[cdnjs.cloudflare.com/ajax/libs/mdbootstrap/4.5.8/css/mdb.min.css]
[www.getweddie.com/v2/img/story_pre_wedding.png]
[www.getweddie.com/v2/img/gallery_groom_template_fireworks.png]
[www.getweddie.com/v2/img/engaged.png]
[www.getweddie.com/v2/js/simplyCountdown.js]
[www.getweddie.com/v2/css/style-falling-hearts.css]
[www.getweddie.com/v2/js/falling-hearts.js]
